2022-06-18 06:21:27 +0000  Initial pipeline context: <IDEDistributionProcessingPipelineContext: 0x7fddee60a540; archive(resolved)="<IDEArchive: 0x7fdddcc50cd0>", distributionTask(resolved)="2", distributionDestination(resolved)="1", distributionMethod(resolved)="<IDEDistributionMethodiOSAppStoreDistribution: 0x7fde0e1ffe60>", team(resolved)="<IDEProvisioningDisambiguatableBasicTeam: 0x7fdd9e3e8610; teamID='24BSY9Z4H5', teamName='Harumi Sagawa', teamType='Individual', username='harumidiv@gmail.com', isFreeProvisioningTeam='0'>">
	Chain (16, self inclusive):
	<IDEDistributionProcessingPipelineContext: 0x7fddee60a540; archive = "<IDEArchive: 0x7fdddcc50cd0>", distributionMethod="<IDEDistributionMethodiOSAppStoreDistribution: 0x7fde0e1ffe60>", team="<IDEProvisioningDisambiguatableBasicTeam: 0x7fdd9e3e8610; teamID='24BSY9Z4H5', teamName='Harumi Sagawa', teamType='Individual', username='harumidiv@gmail.com', isFreeProvisioningTeam='0'>">
	<IDEDistributionProcessingPipelineContext: 0x7fddecb1da90; archive = "<IDEArchive: 0x7fdddcc50cd0>", distributionMethod="<IDEDistributionMethodiOSAppStoreDistribution: 0x7fde0e1ffe60>", team="<IDEProvisioningDisambiguatableBasicTeam: 0x7fdd9e3e8610; teamID='24BSY9Z4H5', teamName='Harumi Sagawa', teamType='Individual', username='harumidiv@gmail.com', isFreeProvisioningTeam='0'>">
	<IDEDistributionContext: 0x7fddecf5add0; archive = "<IDEArchive: 0x7fdddcc50cd0>", distributionMethod="<IDEDistributionMethodiOSAppStoreDistribution: 0x7fde0e1ffe60>", team="<IDEProvisioningDisambiguatableBasicTeam: 0x7fdd9e3e8610; teamID='24BSY9Z4H5', teamName='Harumi Sagawa', teamType='Individual', username='harumidiv@gmail.com', isFreeProvisioningTeam='0'>">
	<IDEDistributionContext: 0x7fddde4e1540; archive = "<IDEArchive: 0x7fdddcc50cd0>", distributionMethod="<IDEDistributionMethodiOSAppStoreDistribution: 0x7fde0e1ffe60>", team="<IDEProvisioningDisambiguatableBasicTeam: 0x7fdd9e3e8610; teamID='24BSY9Z4H5', teamName='Harumi Sagawa', teamType='Individual', username='harumidiv@gmail.com', isFreeProvisioningTeam='0'>">
	<IDEDistributionContext: 0x7fddde455f00; archive = "<IDEArchive: 0x7fdddcc50cd0>", distributionMethod="<IDEDistributionMethodiOSAppStoreDistribution: 0x7fde0e1ffe60>", team="<IDEProvisioningDisambiguatableBasicTeam: 0x7fdd9e3e8610; teamID='24BSY9Z4H5', teamName='Harumi Sagawa', teamType='Individual', username='harumidiv@gmail.com', isFreeProvisioningTeam='0'>">
	<IDEDistributionContext: 0x7fddecc7f040; archive = "<IDEArchive: 0x7fdddcc50cd0>", distributionMethod="<IDEDistributionMethodiOSAppStoreDistribution: 0x7fde0e1ffe60>", team="<IDEProvisioningDisambiguatableBasicTeam: 0x7fdd9e3e8610; teamID='24BSY9Z4H5', teamName='Harumi Sagawa', teamType='Individual', username='harumidiv@gmail.com', isFreeProvisioningTeam='0'>">
	<IDEDistributionContext: 0x7fdd8b809520; archive = "<IDEArchive: 0x7fdddcc50cd0>", distributionMethod="<IDEDistributionMethodiOSAppStoreDistribution: 0x7fde0e1ffe60>", team="<IDEProvisioningDisambiguatableBasicTeam: 0x7fdd9e3e8610; teamID='24BSY9Z4H5', teamName='Harumi Sagawa', teamType='Individual', username='harumidiv@gmail.com', isFreeProvisioningTeam='0'>">
	<IDEDistributionContext: 0x7fddecb70f90; archive = "<IDEArchive: 0x7fdddcc50cd0>", distributionMethod="<IDEDistributionMethodiOSAppStoreDistribution: 0x7fde0e1ffe60>", team="<IDEProvisioningDisambiguatableBasicTeam: 0x7fdd9e3e8610; teamID='24BSY9Z4H5', teamName='Harumi Sagawa', teamType='Individual', username='harumidiv@gmail.com', isFreeProvisioningTeam='0'>">
	<IDEDistributionContext: 0x7fddecb61dd0; archive = "<IDEArchive: 0x7fdddcc50cd0>", distributionMethod="<IDEDistributionMethodiOSAppStoreDistribution: 0x7fde0e1ffe60>", team="<IDEProvisioningDisambiguatableBasicTeam: 0x7fdd9e3e8610; teamID='24BSY9Z4H5', teamName='Harumi Sagawa', teamType='Individual', username='harumidiv@gmail.com', isFreeProvisioningTeam='0'>">
	<IDEDistributionContext: 0x7fdded013a80; archive = "<IDEArchive: 0x7fdddcc50cd0>", distributionMethod="<IDEDistributionMethodiOSAppStoreDistribution: 0x7fde0e1ffe60>", team="<IDEProvisioningDisambiguatableBasicTeam: 0x7fdd9e3e8610; teamID='24BSY9Z4H5', teamName='Harumi Sagawa', teamType='Individual', username='harumidiv@gmail.com', isFreeProvisioningTeam='0'>">
	<IDEDistributionContext: 0x7fdded0bdc80; archive = "<IDEArchive: 0x7fdddcc50cd0>", distributionMethod="<IDEDistributionMethodiOSAppStoreDistribution: 0x7fde0e1ffe60>", team="<IDEProvisioningDisambiguatableBasicTeam: 0x7fdd9e3e8610; teamID='24BSY9Z4H5', teamName='Harumi Sagawa', teamType='Individual', username='harumidiv@gmail.com', isFreeProvisioningTeam='0'>">
	<IDEDistributionContext: 0x7fdded0986c0; archive = "<IDEArchive: 0x7fdddcc50cd0>", distributionMethod="<IDEDistributionMethodiOSAppStoreDistribution: 0x7fde0e1ffe60>", team="<IDEProvisioningDisambiguatableBasicTeam: 0x7fdd9e3e8610; teamID='24BSY9Z4H5', teamName='Harumi Sagawa', teamType='Individual', username='harumidiv@gmail.com', isFreeProvisioningTeam='0'>">
	<IDEDistributionContext: 0x7fddee12e960; archive = "<IDEArchive: 0x7fdddcc50cd0>", distributionMethod="<IDEDistributionMethodiOSAppStoreDistribution: 0x7fde0e1ffe60>", team="<IDEProvisioningDisambiguatableBasicTeam: 0x7fdd9e3e8610; teamID='24BSY9Z4H5', teamName='Harumi Sagawa', teamType='Individual', username='harumidiv@gmail.com', isFreeProvisioningTeam='0'>">
	<IDEDistributionContext: 0x7fdded0a8ea0; archive = "<IDEArchive: 0x7fdddcc50cd0>", distributionMethod="<IDEDistributionMethodiOSAppStoreDistribution: 0x7fde0e1ffe60>", team="(null)">
	<IDEDistributionContext: 0x7fddecc40040; archive = "<IDEArchive: 0x7fdddcc50cd0>", distributionMethod="<IDEDistributionMethodiOSAppStoreDistribution: 0x7fde0e1ffe60>", team="(null)">
	<IDEDistributionContext: 0x7fdded14a300; archive = "<IDEArchive: 0x7fdddcc50cd0>", distributionMethod="(null)", team="(null)">
</IDEDistributionProcessingPipelineContext: 0x7fddee60a540>
2022-06-18 06:21:27 +0000  Processing step: IDEDistributionCreateDestRootStep
2022-06-18 06:21:27 +0000  Processing step: IDEDistributionCopyItemStep
2022-06-18 06:21:27 +0000  Running /usr/bin/ditto '-V' '/Users/h_sagawa/Library/Developer/Xcode/Archives/2022-06-18/Rubi 2022-06-18 15.17.xcarchive/Products/Applications/Rubi.app' '/var/folders/h9/lsfwvrj92573r2frdwtxcq_w16g5vl/T/XcodeDistPipeline.~~~EMIwqR/Root/Payload/Rubi.app'
2022-06-18 06:21:27 +0000  >>> Copying /Users/h_sagawa/Library/Developer/Xcode/Archives/2022-06-18/Rubi 2022-06-18 15.17.xcarchive/Products/Applications/Rubi.app 
2022-06-18 06:21:27 +0000  copying file ./_CodeSignature/CodeResources ... 
2022-06-18 06:21:27 +0000  10283 bytes for ./_CodeSignature/CodeResources
2022-06-18 06:21:27 +0000  copying file ./tessdata/jpn.traineddata ... 
2022-06-18 06:21:27 +0000  2471260 bytes for ./tessdata/jpn.traineddata
2022-06-18 06:21:27 +0000  copying file ./ImageRecognitionViewController.nib ... 
7721 bytes for ./ImageRecognitionViewController.nib
copying file ./loading.json ... 
2022-06-18 06:21:27 +0000  6071 bytes for ./loading.json
copying file ./AppIcon60x60@2x.png ... 
2022-06-18 06:21:27 +0000  3178 bytes for ./AppIcon60x60@2x.png
copying file ./Rubi ... 
2022-06-18 06:21:27 +0000  13126512 bytes for ./Rubi
copying file ./GoogleService-Info.plist ... 
2022-06-18 06:21:27 +0000  647 bytes for ./GoogleService-Info.plist
copying file ./RubiViewController.nib ... 
12355 bytes for ./RubiViewController.nib
2022-06-18 06:21:27 +0000  copying file ./Base.lproj/Main.storyboardc/UIViewController-BYZ-38-t0r.nib ... 
2022-06-18 06:21:27 +0000  927 bytes for ./Base.lproj/Main.storyboardc/UIViewController-BYZ-38-t0r.nib
copying file ./Base.lproj/Main.storyboardc/BYZ-38-t0r-view-8bC-Xf-vdC.nib ... 
2022-06-18 06:21:27 +0000  1173 bytes for ./Base.lproj/Main.storyboardc/BYZ-38-t0r-view-8bC-Xf-vdC.nib
copying file ./Base.lproj/Main.storyboardc/Info.plist ... 
2022-06-18 06:21:27 +0000  258 bytes for ./Base.lproj/Main.storyboardc/Info.plist
2022-06-18 06:21:27 +0000  copying file ./Base.lproj/LaunchScreen.storyboardc/01J-lp-oVM-view-Ze5-6b-2t3.nib ... 
2022-06-18 06:21:27 +0000  2965 bytes for ./Base.lproj/LaunchScreen.storyboardc/01J-lp-oVM-view-Ze5-6b-2t3.nib
copying file ./Base.lproj/LaunchScreen.storyboardc/UIViewController-01J-lp-oVM.nib ... 
2022-06-18 06:21:27 +0000  896 bytes for ./Base.lproj/LaunchScreen.storyboardc/UIViewController-01J-lp-oVM.nib
2022-06-18 06:21:27 +0000  copying file ./Base.lproj/LaunchScreen.storyboardc/Info.plist ... 
2022-06-18 06:21:27 +0000  258 bytes for ./Base.lproj/LaunchScreen.storyboardc/Info.plist
2022-06-18 06:21:27 +0000  copying file ./FavoriteViewController.nib ... 
2022-06-18 06:21:27 +0000  4779 bytes for ./FavoriteViewController.nib
2022-06-18 06:21:27 +0000  copying file ./Assets.car ... 
2022-06-18 06:21:27 +0000  369007 bytes for ./Assets.car
2022-06-18 06:21:27 +0000  copying file ./microphone.json ... 
2022-06-18 06:21:27 +0000  7160 bytes for ./microphone.json
2022-06-18 06:21:27 +0000  copying file ./HandritingRecognitionViewController.nib ... 
2022-06-18 06:21:27 +0000  6144 bytes for ./HandritingRecognitionViewController.nib
2022-06-18 06:21:27 +0000  copying file ./AppIcon76x76@2x~ipad.png ... 
2022-06-18 06:21:27 +0000  3933 bytes for ./AppIcon76x76@2x~ipad.png
2022-06-18 06:21:27 +0000  copying file ./Frameworks/Reachability.framework/_CodeSignature/CodeResources ... 
2022-06-18 06:21:27 +0000  1798 bytes for ./Frameworks/Reachability.framework/_CodeSignature/CodeResources
2022-06-18 06:21:27 +0000  copying file ./Frameworks/Reachability.framework/Reachability ... 
2022-06-18 06:21:27 +0000  477072 bytes for ./Frameworks/Reachability.framework/Reachability
2022-06-18 06:21:27 +0000  copying file ./Frameworks/Reachability.framework/Info.plist ... 
2022-06-18 06:21:27 +0000  745 bytes for ./Frameworks/Reachability.framework/Info.plist
2022-06-18 06:21:27 +0000  copying file ./Frameworks/SwiftyTesseract.framework/_CodeSignature/CodeResources ... 
2022-06-18 06:21:27 +0000  1798 bytes for ./Frameworks/SwiftyTesseract.framework/_CodeSignature/CodeResources
2022-06-18 06:21:27 +0000  copying file ./Frameworks/SwiftyTesseract.framework/SwiftyTesseract ... 
2022-06-18 06:21:27 +0000  21546288 bytes for ./Frameworks/SwiftyTesseract.framework/SwiftyTesseract
copying file ./Frameworks/SwiftyTesseract.framework/Info.plist ... 
2022-06-18 06:21:27 +0000  801 bytes for ./Frameworks/SwiftyTesseract.framework/Info.plist
copying file ./Frameworks/Sketch.framework/_CodeSignature/CodeResources ... 
2022-06-18 06:21:27 +0000  1798 bytes for ./Frameworks/Sketch.framework/_CodeSignature/CodeResources
2022-06-18 06:21:27 +0000  copying file ./Frameworks/Sketch.framework/Sketch ... 
2022-06-18 06:21:27 +0000  624992 bytes for ./Frameworks/Sketch.framework/Sketch
2022-06-18 06:21:27 +0000  copying file ./Frameworks/Sketch.framework/Info.plist ... 
2022-06-18 06:21:27 +0000  733 bytes for ./Frameworks/Sketch.framework/Info.plist
2022-06-18 06:21:27 +0000  copying file ./Frameworks/Lottie.framework/_CodeSignature/CodeResources ... 
2022-06-18 06:21:27 +0000  1798 bytes for ./Frameworks/Lottie.framework/_CodeSignature/CodeResources
2022-06-18 06:21:27 +0000  copying file ./Frameworks/Lottie.framework/Lottie ... 
2022-06-18 06:21:27 +0000  8488640 bytes for ./Frameworks/Lottie.framework/Lottie
2022-06-18 06:21:27 +0000  copying file ./Frameworks/Lottie.framework/Info.plist ... 
733 bytes for ./Frameworks/Lottie.framework/Info.plist
copying file ./embedded.mobileprovision ... 
11937 bytes for ./embedded.mobileprovision
copying file ./RubiTableViewCell.nib ... 
4440 bytes for ./RubiTableViewCell.nib
copying file ./Info.plist ... 
1677 bytes for ./Info.plist
copying file ./RecordingViewController.nib ... 
2022-06-18 06:21:27 +0000  6306 bytes for ./RecordingViewController.nib
copying file ./PkgInfo ... 
2022-06-18 06:21:27 +0000  8 bytes for ./PkgInfo
2022-06-18 06:21:27 +0000  /usr/bin/ditto exited with 0
2022-06-18 06:21:27 +0000  Processing step: IDEDistributionEmbedProfileStep
2022-06-18 06:21:27 +0000  Skipping profile for item: <IDEDistributionItem: 0x7fdd9c5632a0; bundleID='org.cocoapods.Lottie', path='<DVTFilePath:0x7fddde40dd80:'/Users/h_sagawa/Library/Developer/Xcode/Archives/2022-06-18/Rubi 2022-06-18 15.17.xcarchive/Products/Applications/Rubi.app/Frameworks/Lottie.framework'>', codeSigningInfo='<_DVTCodeSigningInformation_Path: 0x7fddecc79010; isSigned='1', isAdHocSigned='0', signingCertificate='<DVTSigningCertificate: 0x7fddecc41930; name='Apple Distribution: Harumi Sagawa (24BSY9Z4H5)', hash='760D68A519C4D383BE3002C49BEE0C4D6B7340F7', serialNumber='3046EBA41D49D5880046B3047DD0FEC0', certificateKinds='(
    "1.2.840.113635.100.6.1.7",
    "1.2.840.113635.100.6.1.4"
), issueDate='2022-06-11 12:51:31 +0000''>', entitlements='(null)', teamID='24BSY9Z4H5', identifier='org.cocoapods.Lottie', executablePath='<DVTFilePath:0x7fddfa6da290:'/Users/h_sagawa/Library/Developer/Xcode/Archives/2022-06-18/Rubi 2022-06-18 15.17.xcarchive/Products/Applications/Rubi.app/Frameworks/Lottie.framework/Lottie'>', hardenedRuntime='0'>'>
2022-06-18 06:21:27 +0000  Skipping profile for item: <IDEDistributionItem: 0x7fddecb5fea0; bundleID='org.cocoapods.Reachability', path='<DVTFilePath:0x7fddde4d12e0:'/Users/h_sagawa/Library/Developer/Xcode/Archives/2022-06-18/Rubi 2022-06-18 15.17.xcarchive/Products/Applications/Rubi.app/Frameworks/Reachability.framework'>', codeSigningInfo='<_DVTCodeSigningInformation_Path: 0x7fddecc5c7c0; isSigned='1', isAdHocSigned='0', signingCertificate='<DVTSigningCertificate: 0x7fddecdcc0e0; name='Apple Distribution: Harumi Sagawa (24BSY9Z4H5)', hash='760D68A519C4D383BE3002C49BEE0C4D6B7340F7', serialNumber='3046EBA41D49D5880046B3047DD0FEC0', certificateKinds='(
    "1.2.840.113635.100.6.1.7",
    "1.2.840.113635.100.6.1.4"
), issueDate='2022-06-11 12:51:31 +0000''>', entitlements='(null)', teamID='24BSY9Z4H5', identifier='org.cocoapods.Reachability', executablePath='<DVTFilePath:0x7fdde9b48310:'/Users/h_sagawa/Library/Developer/Xcode/Archives/2022-06-18/Rubi 2022-06-18 15.17.xcarchive/Products/Applications/Rubi.app/Frameworks/Reachability.framework/Reachability'>', hardenedRuntime='0'>'>
2022-06-18 06:21:27 +0000  Skipping profile for item: <IDEDistributionItem: 0x7fde0da67940; bundleID='org.cocoapods.Sketch', path='<DVTFilePath:0x7fddde420640:'/Users/h_sagawa/Library/Developer/Xcode/Archives/2022-06-18/Rubi 2022-06-18 15.17.xcarchive/Products/Applications/Rubi.app/Frameworks/Sketch.framework'>', codeSigningInfo='<_DVTCodeSigningInformation_Path: 0x7fddecb41270; isSigned='1', isAdHocSigned='0', signingCertificate='<DVTSigningCertificate: 0x7fddecdcc0e0; name='Apple Distribution: Harumi Sagawa (24BSY9Z4H5)', hash='760D68A519C4D383BE3002C49BEE0C4D6B7340F7', serialNumber='3046EBA41D49D5880046B3047DD0FEC0', certificateKinds='(
    "1.2.840.113635.100.6.1.7",
    "1.2.840.113635.100.6.1.4"
), issueDate='2022-06-11 12:51:31 +0000''>', entitlements='(null)', teamID='24BSY9Z4H5', identifier='org.cocoapods.Sketch', executablePath='<DVTFilePath:0x7fdddc22f300:'/Users/h_sagawa/Library/Developer/Xcode/Archives/2022-06-18/Rubi 2022-06-18 15.17.xcarchive/Products/Applications/Rubi.app/Frameworks/Sketch.framework/Sketch'>', hardenedRuntime='0'>'>
2022-06-18 06:21:27 +0000  Skipping profile for item: <IDEDistributionItem: 0x7fddecc57980; bundleID='org.cocoapods.SwiftyTesseract', path='<DVTFilePath:0x7fddde4aa300:'/Users/h_sagawa/Library/Developer/Xcode/Archives/2022-06-18/Rubi 2022-06-18 15.17.xcarchive/Products/Applications/Rubi.app/Frameworks/SwiftyTesseract.framework'>', codeSigningInfo='<_DVTCodeSigningInformation_Path: 0x7fdd9e635720; isSigned='1', isAdHocSigned='0', signingCertificate='<DVTSigningCertificate: 0x7fddecdcc0e0; name='Apple Distribution: Harumi Sagawa (24BSY9Z4H5)', hash='760D68A519C4D383BE3002C49BEE0C4D6B7340F7', serialNumber='3046EBA41D49D5880046B3047DD0FEC0', certificateKinds='(
    "1.2.840.113635.100.6.1.7",
    "1.2.840.113635.100.6.1.4"
), issueDate='2022-06-11 12:51:31 +0000''>', entitlements='(null)', teamID='24BSY9Z4H5', identifier='org.cocoapods.SwiftyTesseract', executablePath='<DVTFilePath:0x7fdde9b72710:'/Users/h_sagawa/Library/Developer/Xcode/Archives/2022-06-18/Rubi 2022-06-18 15.17.xcarchive/Products/Applications/Rubi.app/Frameworks/SwiftyTesseract.framework/SwiftyTesseract'>', hardenedRuntime='0'>'>
2022-06-18 06:21:27 +0000  Processing step: IDEDistributionInfoPlistStep
2022-06-18 06:21:27 +0000  Processing step: IDEDistributionItemRemovalStep
2022-06-18 06:21:27 +0000  Processing step: IDEDistributionAppThinningPlistStep
2022-06-18 06:21:27 +0000  Skipping step: IDEDistributionAppThinningPlistStep because it said so
2022-06-18 06:21:27 +0000  Processing step: IDEDistributionCompileBitcodeStep
2022-06-18 06:21:27 +0000  Skipping step: IDEDistributionCompileBitcodeStep because it said so
2022-06-18 06:21:27 +0000  Processing step: IDEDistributionCodeSlimmingStep
2022-06-18 06:21:27 +0000  Running /Applications/Xcode.app/Contents/Developer/Toolchains/XcodeDefault.xctoolchain/usr/bin/bitcode_strip '/var/folders/h9/lsfwvrj92573r2frdwtxcq_w16g5vl/T/XcodeDistPipeline.~~~EMIwqR/Root/Payload/Rubi.app/Frameworks/Lottie.framework/Lottie' '-l' '-keep_cs' '-o' '/var/folders/h9/lsfwvrj92573r2frdwtxcq_w16g5vl/T/XcodeDistPipeline.~~~EMIwqR/Root/Payload/Rubi.app/Frameworks/Lottie.framework/Lottie'
2022-06-18 06:21:27 +0000  /Applications/Xcode.app/Contents/Developer/Toolchains/XcodeDefault.xctoolchain/usr/bin/bitcode_strip exited with 0
2022-06-18 06:21:27 +0000  Running /Applications/Xcode.app/Contents/Developer/Toolchains/XcodeDefault.xctoolchain/usr/bin/bitcode_strip '/var/folders/h9/lsfwvrj92573r2frdwtxcq_w16g5vl/T/XcodeDistPipeline.~~~EMIwqR/Root/Payload/Rubi.app/Frameworks/Reachability.framework/Reachability' '-l' '-keep_cs' '-o' '/var/folders/h9/lsfwvrj92573r2frdwtxcq_w16g5vl/T/XcodeDistPipeline.~~~EMIwqR/Root/Payload/Rubi.app/Frameworks/Reachability.framework/Reachability'
2022-06-18 06:21:27 +0000  /Applications/Xcode.app/Contents/Developer/Toolchains/XcodeDefault.xctoolchain/usr/bin/bitcode_strip exited with 0
2022-06-18 06:21:27 +0000  Running /Applications/Xcode.app/Contents/Developer/Toolchains/XcodeDefault.xctoolchain/usr/bin/bitcode_strip '/var/folders/h9/lsfwvrj92573r2frdwtxcq_w16g5vl/T/XcodeDistPipeline.~~~EMIwqR/Root/Payload/Rubi.app/Frameworks/Sketch.framework/Sketch' '-l' '-keep_cs' '-o' '/var/folders/h9/lsfwvrj92573r2frdwtxcq_w16g5vl/T/XcodeDistPipeline.~~~EMIwqR/Root/Payload/Rubi.app/Frameworks/Sketch.framework/Sketch'
2022-06-18 06:21:27 +0000  /Applications/Xcode.app/Contents/Developer/Toolchains/XcodeDefault.xctoolchain/usr/bin/bitcode_strip exited with 0
2022-06-18 06:21:27 +0000  Running /Applications/Xcode.app/Contents/Developer/Toolchains/XcodeDefault.xctoolchain/usr/bin/bitcode_strip '/var/folders/h9/lsfwvrj92573r2frdwtxcq_w16g5vl/T/XcodeDistPipeline.~~~EMIwqR/Root/Payload/Rubi.app/Frameworks/SwiftyTesseract.framework/SwiftyTesseract' '-l' '-keep_cs' '-o' '/var/folders/h9/lsfwvrj92573r2frdwtxcq_w16g5vl/T/XcodeDistPipeline.~~~EMIwqR/Root/Payload/Rubi.app/Frameworks/SwiftyTesseract.framework/SwiftyTesseract'
2022-06-18 06:21:27 +0000  /Applications/Xcode.app/Contents/Developer/Toolchains/XcodeDefault.xctoolchain/usr/bin/bitcode_strip exited with 0
2022-06-18 06:21:27 +0000  Running /Applications/Xcode.app/Contents/Developer/Toolchains/XcodeDefault.xctoolchain/usr/bin/bitcode_strip '/var/folders/h9/lsfwvrj92573r2frdwtxcq_w16g5vl/T/XcodeDistPipeline.~~~EMIwqR/Root/Payload/Rubi.app/Rubi' '-l' '-keep_cs' '-o' '/var/folders/h9/lsfwvrj92573r2frdwtxcq_w16g5vl/T/XcodeDistPipeline.~~~EMIwqR/Root/Payload/Rubi.app/Rubi'
2022-06-18 06:21:27 +0000  /Applications/Xcode.app/Contents/Developer/Toolchains/XcodeDefault.xctoolchain/usr/bin/bitcode_strip exited with 0
2022-06-18 06:21:27 +0000  Processing step: IDEDistributionCopyBCSymbolMapsStep
2022-06-18 06:21:27 +0000  Running /usr/bin/ditto '-V' '/Users/h_sagawa/Library/Developer/Xcode/Archives/2022-06-18/Rubi 2022-06-18 15.17.xcarchive/BCSymbolMaps/A7A53085-BB9D-34DB-99E5-5E8FF01ADF61.bcsymbolmap' '/var/folders/h9/lsfwvrj92573r2frdwtxcq_w16g5vl/T/XcodeDistPipeline.~~~EMIwqR/Root/BCSymbolMaps/A7A53085-BB9D-34DB-99E5-5E8FF01ADF61.bcsymbolmap'
2022-06-18 06:21:27 +0000  >>> Copying /Users/h_sagawa/Library/Developer/Xcode/Archives/2022-06-18/Rubi 2022-06-18 15.17.xcarchive/BCSymbolMaps/A7A53085-BB9D-34DB-99E5-5E8FF01ADF61.bcsymbolmap 
2022-06-18 06:21:27 +0000  copying file ./A7A53085-BB9D-34DB-99E5-5E8FF01ADF61.bcsymbolmap ... 
2022-06-18 06:21:27 +0000  759338 bytes for ./A7A53085-BB9D-34DB-99E5-5E8FF01ADF61.bcsymbolmap
2022-06-18 06:21:27 +0000  /usr/bin/ditto exited with 0
2022-06-18 06:21:27 +0000  Running /usr/bin/ditto '-V' '/Users/h_sagawa/Library/Developer/Xcode/Archives/2022-06-18/Rubi 2022-06-18 15.17.xcarchive/BCSymbolMaps/97AC64FB-94EA-37A5-BD4C-8BE087E3333B.bcsymbolmap' '/var/folders/h9/lsfwvrj92573r2frdwtxcq_w16g5vl/T/XcodeDistPipeline.~~~EMIwqR/Root/BCSymbolMaps/97AC64FB-94EA-37A5-BD4C-8BE087E3333B.bcsymbolmap'
2022-06-18 06:21:27 +0000  >>> Copying /Users/h_sagawa/Library/Developer/Xcode/Archives/2022-06-18/Rubi 2022-06-18 15.17.xcarchive/BCSymbolMaps/97AC64FB-94EA-37A5-BD4C-8BE087E3333B.bcsymbolmap 
2022-06-18 06:21:27 +0000  copying file ./97AC64FB-94EA-37A5-BD4C-8BE087E3333B.bcsymbolmap ... 
2022-06-18 06:21:27 +0000  70277 bytes for ./97AC64FB-94EA-37A5-BD4C-8BE087E3333B.bcsymbolmap
2022-06-18 06:21:27 +0000  /usr/bin/ditto exited with 0
2022-06-18 06:21:27 +0000  Running /usr/bin/ditto '-V' '/Users/h_sagawa/Library/Developer/Xcode/Archives/2022-06-18/Rubi 2022-06-18 15.17.xcarchive/BCSymbolMaps/A58237AE-6DA5-3BC4-874B-A7EB274A2CEB.bcsymbolmap' '/var/folders/h9/lsfwvrj92573r2frdwtxcq_w16g5vl/T/XcodeDistPipeline.~~~EMIwqR/Root/BCSymbolMaps/A58237AE-6DA5-3BC4-874B-A7EB274A2CEB.bcsymbolmap'
2022-06-18 06:21:27 +0000  >>> Copying /Users/h_sagawa/Library/Developer/Xcode/Archives/2022-06-18/Rubi 2022-06-18 15.17.xcarchive/BCSymbolMaps/A58237AE-6DA5-3BC4-874B-A7EB274A2CEB.bcsymbolmap 
2022-06-18 06:21:27 +0000  copying file ./A58237AE-6DA5-3BC4-874B-A7EB274A2CEB.bcsymbolmap ... 
2022-06-18 06:21:27 +0000  77196 bytes for ./A58237AE-6DA5-3BC4-874B-A7EB274A2CEB.bcsymbolmap
2022-06-18 06:21:27 +0000  /usr/bin/ditto exited with 0
2022-06-18 06:21:27 +0000  Running /usr/bin/ditto '-V' '/Users/h_sagawa/Library/Developer/Xcode/Archives/2022-06-18/Rubi 2022-06-18 15.17.xcarchive/BCSymbolMaps/38ECFA1E-A842-35F9-BD4F-0A84FDA914FD.bcsymbolmap' '/var/folders/h9/lsfwvrj92573r2frdwtxcq_w16g5vl/T/XcodeDistPipeline.~~~EMIwqR/Root/BCSymbolMaps/38ECFA1E-A842-35F9-BD4F-0A84FDA914FD.bcsymbolmap'
2022-06-18 06:21:27 +0000  >>> Copying /Users/h_sagawa/Library/Developer/Xcode/Archives/2022-06-18/Rubi 2022-06-18 15.17.xcarchive/BCSymbolMaps/38ECFA1E-A842-35F9-BD4F-0A84FDA914FD.bcsymbolmap 
2022-06-18 06:21:27 +0000  copying file ./38ECFA1E-A842-35F9-BD4F-0A84FDA914FD.bcsymbolmap ... 
2022-06-18 06:21:27 +0000  201057 bytes for ./38ECFA1E-A842-35F9-BD4F-0A84FDA914FD.bcsymbolmap
2022-06-18 06:21:27 +0000  /usr/bin/ditto exited with 0
2022-06-18 06:21:27 +0000  Running /usr/bin/ditto '-V' '/Users/h_sagawa/Library/Developer/Xcode/Archives/2022-06-18/Rubi 2022-06-18 15.17.xcarchive/BCSymbolMaps/1BA15EF4-4EF4-3E2D-9A6E-01A9E3C94076.bcsymbolmap' '/var/folders/h9/lsfwvrj92573r2frdwtxcq_w16g5vl/T/XcodeDistPipeline.~~~EMIwqR/Root/BCSymbolMaps/1BA15EF4-4EF4-3E2D-9A6E-01A9E3C94076.bcsymbolmap'
2022-06-18 06:21:27 +0000  >>> Copying /Users/h_sagawa/Library/Developer/Xcode/Archives/2022-06-18/Rubi 2022-06-18 15.17.xcarchive/BCSymbolMaps/1BA15EF4-4EF4-3E2D-9A6E-01A9E3C94076.bcsymbolmap 
2022-06-18 06:21:27 +0000  copying file ./1BA15EF4-4EF4-3E2D-9A6E-01A9E3C94076.bcsymbolmap ... 
2022-06-18 06:21:27 +0000  603118 bytes for ./1BA15EF4-4EF4-3E2D-9A6E-01A9E3C94076.bcsymbolmap
2022-06-18 06:21:27 +0000  /usr/bin/ditto exited with 0
2022-06-18 06:21:27 +0000  Processing step: IDEDistributionSymbolsStep
2022-06-18 06:21:27 +0000  Excluding symbols for Lottie.framework
2022-06-18 06:21:27 +0000  Excluding symbols for Reachability.framework
2022-06-18 06:21:27 +0000  Excluding symbols for Sketch.framework
2022-06-18 06:21:27 +0000  Excluding symbols for SwiftyTesseract.framework
2022-06-18 06:21:27 +0000  Excluding symbols for Rubi.app
2022-06-18 06:21:27 +0000  Processing step: IDEDistributionCopyAppleProvidedContentStep
2022-06-18 06:21:27 +0000  Processing step: IDEDistributionAppThinningStep
2022-06-18 06:21:27 +0000  Skipping step: IDEDistributionAppThinningStep because it said so
2022-06-18 06:21:27 +0000  Processing step: IDEDistributionArchThinningStep
2022-06-18 06:21:27 +0000  Running /Applications/Xcode.app/Contents/Developer/Toolchains/XcodeDefault.xctoolchain/usr/bin/lipo '/var/folders/h9/lsfwvrj92573r2frdwtxcq_w16g5vl/T/XcodeDistPipeline.~~~EMIwqR/Root/Payload/Rubi.app/Frameworks/Lottie.framework/Lottie' '-verify_arch' 'arm64e'
2022-06-18 06:21:27 +0000  /Applications/Xcode.app/Contents/Developer/Toolchains/XcodeDefault.xctoolchain/usr/bin/lipo exited with 1
2022-06-18 06:21:27 +0000  Skipping architecture thinning for item "Lottie" because arch "arm64e" wasn't found
2022-06-18 06:21:27 +0000  Running /Applications/Xcode.app/Contents/Developer/Toolchains/XcodeDefault.xctoolchain/usr/bin/lipo '/var/folders/h9/lsfwvrj92573r2frdwtxcq_w16g5vl/T/XcodeDistPipeline.~~~EMIwqR/Root/Payload/Rubi.app/Frameworks/Reachability.framework/Reachability' '-verify_arch' 'arm64e'
2022-06-18 06:21:27 +0000  /Applications/Xcode.app/Contents/Developer/Toolchains/XcodeDefault.xctoolchain/usr/bin/lipo exited with 1
2022-06-18 06:21:27 +0000  Skipping architecture thinning for item "Reachability" because arch "arm64e" wasn't found
2022-06-18 06:21:27 +0000  Running /Applications/Xcode.app/Contents/Developer/Toolchains/XcodeDefault.xctoolchain/usr/bin/lipo '/var/folders/h9/lsfwvrj92573r2frdwtxcq_w16g5vl/T/XcodeDistPipeline.~~~EMIwqR/Root/Payload/Rubi.app/Frameworks/Sketch.framework/Sketch' '-verify_arch' 'arm64e'
2022-06-18 06:21:27 +0000  /Applications/Xcode.app/Contents/Developer/Toolchains/XcodeDefault.xctoolchain/usr/bin/lipo exited with 1
2022-06-18 06:21:27 +0000  Skipping architecture thinning for item "Sketch" because arch "arm64e" wasn't found
2022-06-18 06:21:27 +0000  Running /Applications/Xcode.app/Contents/Developer/Toolchains/XcodeDefault.xctoolchain/usr/bin/lipo '/var/folders/h9/lsfwvrj92573r2frdwtxcq_w16g5vl/T/XcodeDistPipeline.~~~EMIwqR/Root/Payload/Rubi.app/Frameworks/SwiftyTesseract.framework/SwiftyTesseract' '-verify_arch' 'arm64e'
2022-06-18 06:21:27 +0000  /Applications/Xcode.app/Contents/Developer/Toolchains/XcodeDefault.xctoolchain/usr/bin/lipo exited with 1
2022-06-18 06:21:27 +0000  Skipping architecture thinning for item "SwiftyTesseract" because arch "arm64e" wasn't found
2022-06-18 06:21:27 +0000  Running /Applications/Xcode.app/Contents/Developer/Toolchains/XcodeDefault.xctoolchain/usr/bin/lipo '/var/folders/h9/lsfwvrj92573r2frdwtxcq_w16g5vl/T/XcodeDistPipeline.~~~EMIwqR/Root/Payload/Rubi.app/Rubi' '-verify_arch' 'arm64e'
2022-06-18 06:21:27 +0000  /Applications/Xcode.app/Contents/Developer/Toolchains/XcodeDefault.xctoolchain/usr/bin/lipo exited with 1
2022-06-18 06:21:27 +0000  Skipping architecture thinning for item "Rubi" because arch "arm64e" wasn't found
2022-06-18 06:21:27 +0000  Processing step: IDEDistributionODRStep
2022-06-18 06:21:27 +0000  Processing step: IDEDistributionStripXattrsStep
2022-06-18 06:21:27 +0000  Skipping stripping extended attributes of item: <IDEDistributionItem: 0x7fdd9c5632a0; bundleID='org.cocoapods.Lottie', path='<DVTFilePath:0x7fddde40dd80:'/Users/h_sagawa/Library/Developer/Xcode/Archives/2022-06-18/Rubi 2022-06-18 15.17.xcarchive/Products/Applications/Rubi.app/Frameworks/Lottie.framework'>', codeSigningInfo='<_DVTCodeSigningInformation_Path: 0x7fddecc79010; isSigned='1', isAdHocSigned='0', signingCertificate='<DVTSigningCertificate: 0x7fdd8b81a070; name='Apple Distribution: Harumi Sagawa (24BSY9Z4H5)', hash='760D68A519C4D383BE3002C49BEE0C4D6B7340F7', serialNumber='3046EBA41D49D5880046B3047DD0FEC0', certificateKinds='(
    "1.2.840.113635.100.6.1.7",
    "1.2.840.113635.100.6.1.4"
), issueDate='2022-06-11 12:51:31 +0000''>', entitlements='(null)', teamID='24BSY9Z4H5', identifier='org.cocoapods.Lottie', executablePath='<DVTFilePath:0x7fddfa6da290:'/Users/h_sagawa/Library/Developer/Xcode/Archives/2022-06-18/Rubi 2022-06-18 15.17.xcarchive/Products/Applications/Rubi.app/Frameworks/Lottie.framework/Lottie'>', hardenedRuntime='0'>'>
2022-06-18 06:21:27 +0000  Skipping stripping extended attributes of item: <IDEDistributionItem: 0x7fddecb5fea0; bundleID='org.cocoapods.Reachability', path='<DVTFilePath:0x7fddde4d12e0:'/Users/h_sagawa/Library/Developer/Xcode/Archives/2022-06-18/Rubi 2022-06-18 15.17.xcarchive/Products/Applications/Rubi.app/Frameworks/Reachability.framework'>', codeSigningInfo='<_DVTCodeSigningInformation_Path: 0x7fddecc5c7c0; isSigned='1', isAdHocSigned='0', signingCertificate='<DVTSigningCertificate: 0x7fddecc77b50; name='Apple Distribution: Harumi Sagawa (24BSY9Z4H5)', hash='760D68A519C4D383BE3002C49BEE0C4D6B7340F7', serialNumber='3046EBA41D49D5880046B3047DD0FEC0', certificateKinds='(
    "1.2.840.113635.100.6.1.7",
    "1.2.840.113635.100.6.1.4"
), issueDate='2022-06-11 12:51:31 +0000''>', entitlements='(null)', teamID='24BSY9Z4H5', identifier='org.cocoapods.Reachability', executablePath='<DVTFilePath:0x7fdde9b48310:'/Users/h_sagawa/Library/Developer/Xcode/Archives/2022-06-18/Rubi 2022-06-18 15.17.xcarchive/Products/Applications/Rubi.app/Frameworks/Reachability.framework/Reachability'>', hardenedRuntime='0'>'>
2022-06-18 06:21:27 +0000  Skipping stripping extended attributes of item: <IDEDistributionItem: 0x7fde0da67940; bundleID='org.cocoapods.Sketch', path='<DVTFilePath:0x7fddde420640:'/Users/h_sagawa/Library/Developer/Xcode/Archives/2022-06-18/Rubi 2022-06-18 15.17.xcarchive/Products/Applications/Rubi.app/Frameworks/Sketch.framework'>', codeSigningInfo='<_DVTCodeSigningInformation_Path: 0x7fddecb41270; isSigned='1', isAdHocSigned='0', signingCertificate='<DVTSigningCertificate: 0x7fddecc59a20; name='Apple Distribution: Harumi Sagawa (24BSY9Z4H5)', hash='760D68A519C4D383BE3002C49BEE0C4D6B7340F7', serialNumber='3046EBA41D49D5880046B3047DD0FEC0', certificateKinds='(
    "1.2.840.113635.100.6.1.7",
    "1.2.840.113635.100.6.1.4"
), issueDate='2022-06-11 12:51:31 +0000''>', entitlements='(null)', teamID='24BSY9Z4H5', identifier='org.cocoapods.Sketch', executablePath='<DVTFilePath:0x7fdddc22f300:'/Users/h_sagawa/Library/Developer/Xcode/Archives/2022-06-18/Rubi 2022-06-18 15.17.xcarchive/Products/Applications/Rubi.app/Frameworks/Sketch.framework/Sketch'>', hardenedRuntime='0'>'>
2022-06-18 06:21:27 +0000  Skipping stripping extended attributes of item: <IDEDistributionItem: 0x7fddecc57980; bundleID='org.cocoapods.SwiftyTesseract', path='<DVTFilePath:0x7fddde4aa300:'/Users/h_sagawa/Library/Developer/Xcode/Archives/2022-06-18/Rubi 2022-06-18 15.17.xcarchive/Products/Applications/Rubi.app/Frameworks/SwiftyTesseract.framework'>', codeSigningInfo='<_DVTCodeSigningInformation_Path: 0x7fdd9e635720; isSigned='1', isAdHocSigned='0', signingCertificate='<DVTSigningCertificate: 0x7fddecc59700; name='Apple Distribution: Harumi Sagawa (24BSY9Z4H5)', hash='760D68A519C4D383BE3002C49BEE0C4D6B7340F7', serialNumber='3046EBA41D49D5880046B3047DD0FEC0', certificateKinds='(
    "1.2.840.113635.100.6.1.7",
    "1.2.840.113635.100.6.1.4"
), issueDate='2022-06-11 12:51:31 +0000''>', entitlements='(null)', teamID='24BSY9Z4H5', identifier='org.cocoapods.SwiftyTesseract', executablePath='<DVTFilePath:0x7fdde9b72710:'/Users/h_sagawa/Library/Developer/Xcode/Archives/2022-06-18/Rubi 2022-06-18 15.17.xcarchive/Products/Applications/Rubi.app/Frameworks/SwiftyTesseract.framework/SwiftyTesseract'>', hardenedRuntime='0'>'>
2022-06-18 06:21:27 +0000  Running /usr/bin/xattr '-crs' '/var/folders/h9/lsfwvrj92573r2frdwtxcq_w16g5vl/T/XcodeDistPipeline.~~~EMIwqR/Root/Payload/Rubi.app'
2022-06-18 06:21:27 +0000  /usr/bin/xattr exited with 0
2022-06-18 06:21:27 +0000  Processing step: IDEDistributionCodesignStep
2022-06-18 06:21:27 +0000  Entitlements for <IDEDistributionItem: 0x7fdd9c5632a0; bundleID='org.cocoapods.Lottie', path='<DVTFilePath:0x7fddde40dd80:'/Users/h_sagawa/Library/Developer/Xcode/Archives/2022-06-18/Rubi 2022-06-18 15.17.xcarchive/Products/Applications/Rubi.app/Frameworks/Lottie.framework'>', codeSigningInfo='<_DVTCodeSigningInformation_Path: 0x7fddecc79010; isSigned='1', isAdHocSigned='0', signingCertificate='<DVTSigningCertificate: 0x7fdded0ee470; name='Apple Distribution: Harumi Sagawa (24BSY9Z4H5)', hash='760D68A519C4D383BE3002C49BEE0C4D6B7340F7', serialNumber='3046EBA41D49D5880046B3047DD0FEC0', certificateKinds='(
    "1.2.840.113635.100.6.1.7",
    "1.2.840.113635.100.6.1.4"
), issueDate='2022-06-11 12:51:31 +0000''>', entitlements='(null)', teamID='24BSY9Z4H5', identifier='org.cocoapods.Lottie', executablePath='<DVTFilePath:0x7fddfa6da290:'/Users/h_sagawa/Library/Developer/Xcode/Archives/2022-06-18/Rubi 2022-06-18 15.17.xcarchive/Products/Applications/Rubi.app/Frameworks/Lottie.framework/Lottie'>', hardenedRuntime='0'>'>: {
}
2022-06-18 06:21:27 +0000  Entitlements for <IDEDistributionItem: 0x7fdd9c5632a0; bundleID='org.cocoapods.Lottie', path='<DVTFilePath:0x7fddde40dd80:'/Users/h_sagawa/Library/Developer/Xcode/Archives/2022-06-18/Rubi 2022-06-18 15.17.xcarchive/Products/Applications/Rubi.app/Frameworks/Lottie.framework'>', codeSigningInfo='<_DVTCodeSigningInformation_Path: 0x7fddecc79010; isSigned='1', isAdHocSigned='0', signingCertificate='<DVTSigningCertificate: 0x7fddecf75e60; name='Apple Distribution: Harumi Sagawa (24BSY9Z4H5)', hash='760D68A519C4D383BE3002C49BEE0C4D6B7340F7', serialNumber='3046EBA41D49D5880046B3047DD0FEC0', certificateKinds='(
    "1.2.840.113635.100.6.1.7",
    "1.2.840.113635.100.6.1.4"
), issueDate='2022-06-11 12:51:31 +0000''>', entitlements='(null)', teamID='24BSY9Z4H5', identifier='org.cocoapods.Lottie', executablePath='<DVTFilePath:0x7fddfa6da290:'/Users/h_sagawa/Library/Developer/Xcode/Archives/2022-06-18/Rubi 2022-06-18 15.17.xcarchive/Products/Applications/Rubi.app/Frameworks/Lottie.framework/Lottie'>', hardenedRuntime='0'>'> are: {
}
2022-06-18 06:21:27 +0000  Writing entitlements for <IDEDistributionItem: 0x7fdd9c5632a0; bundleID='org.cocoapods.Lottie', path='<DVTFilePath:0x7fddde40dd80:'/Users/h_sagawa/Library/Developer/Xcode/Archives/2022-06-18/Rubi 2022-06-18 15.17.xcarchive/Products/Applications/Rubi.app/Frameworks/Lottie.framework'>', codeSigningInfo='<_DVTCodeSigningInformation_Path: 0x7fddecc79010; isSigned='1', isAdHocSigned='0', signingCertificate='<DVTSigningCertificate: 0x7fdd8b81a070; name='Apple Distribution: Harumi Sagawa (24BSY9Z4H5)', hash='760D68A519C4D383BE3002C49BEE0C4D6B7340F7', serialNumber='3046EBA41D49D5880046B3047DD0FEC0', certificateKinds='(
    "1.2.840.113635.100.6.1.7",
    "1.2.840.113635.100.6.1.4"
), issueDate='2022-06-11 12:51:31 +0000''>', entitlements='(null)', teamID='24BSY9Z4H5', identifier='org.cocoapods.Lottie', executablePath='<DVTFilePath:0x7fddfa6da290:'/Users/h_sagawa/Library/Developer/Xcode/Archives/2022-06-18/Rubi 2022-06-18 15.17.xcarchive/Products/Applications/Rubi.app/Frameworks/Lottie.framework/Lottie'>', hardenedRuntime='0'>'> to: /var/folders/h9/lsfwvrj92573r2frdwtxcq_w16g5vl/T/XcodeDistPipeline.~~~EMIwqR/entitlements~~~vQCi08
2022-06-18 06:21:27 +0000  Running /usr/bin/codesign '-vvv' '--force' '--sign' '760D68A519C4D383BE3002C49BEE0C4D6B7340F7' '--entitlements' '/var/folders/h9/lsfwvrj92573r2frdwtxcq_w16g5vl/T/XcodeDistPipeline.~~~EMIwqR/entitlements~~~vQCi08' '--generate-entitlement-der' '--preserve-metadata=identifier,flags,runtime' '/var/folders/h9/lsfwvrj92573r2frdwtxcq_w16g5vl/T/XcodeDistPipeline.~~~EMIwqR/Root/Payload/Rubi.app/Frameworks/Lottie.framework'
2022-06-18 06:21:27 +0000  /var/folders/h9/lsfwvrj92573r2frdwtxcq_w16g5vl/T/XcodeDistPipeline.~~~EMIwqR/Root/Payload/Rubi.app/Frameworks/Lottie.framework: replacing existing signature
2022-06-18 06:21:27 +0000  /var/folders/h9/lsfwvrj92573r2frdwtxcq_w16g5vl/T/XcodeDistPipeline.~~~EMIwqR/Root/Payload/Rubi.app/Frameworks/Lottie.framework: signed bundle with Mach-O universal (arm64) [org.cocoapods.Lottie]
2022-06-18 06:21:27 +0000  /usr/bin/codesign exited with 0
2022-06-18 06:21:27 +0000  Entitlements for <IDEDistributionItem: 0x7fddecb5fea0; bundleID='org.cocoapods.Reachability', path='<DVTFilePath:0x7fddde4d12e0:'/Users/h_sagawa/Library/Developer/Xcode/Archives/2022-06-18/Rubi 2022-06-18 15.17.xcarchive/Products/Applications/Rubi.app/Frameworks/Reachability.framework'>', codeSigningInfo='<_DVTCodeSigningInformation_Path: 0x7fddecc5c7c0; isSigned='1', isAdHocSigned='0', signingCertificate='<DVTSigningCertificate: 0x7fde0da601d0; name='Apple Distribution: Harumi Sagawa (24BSY9Z4H5)', hash='760D68A519C4D383BE3002C49BEE0C4D6B7340F7', serialNumber='3046EBA41D49D5880046B3047DD0FEC0', certificateKinds='(
    "1.2.840.113635.100.6.1.7",
    "1.2.840.113635.100.6.1.4"
), issueDate='2022-06-11 12:51:31 +0000''>', entitlements='(null)', teamID='24BSY9Z4H5', identifier='org.cocoapods.Reachability', executablePath='<DVTFilePath:0x7fdde9b48310:'/Users/h_sagawa/Library/Developer/Xcode/Archives/2022-06-18/Rubi 2022-06-18 15.17.xcarchive/Products/Applications/Rubi.app/Frameworks/Reachability.framework/Reachability'>', hardenedRuntime='0'>'>: {
}
2022-06-18 06:21:27 +0000  Entitlements for <IDEDistributionItem: 0x7fddecb5fea0; bundleID='org.cocoapods.Reachability', path='<DVTFilePath:0x7fddde4d12e0:'/Users/h_sagawa/Library/Developer/Xcode/Archives/2022-06-18/Rubi 2022-06-18 15.17.xcarchive/Products/Applications/Rubi.app/Frameworks/Reachability.framework'>', codeSigningInfo='<_DVTCodeSigningInformation_Path: 0x7fddecc5c7c0; isSigned='1', isAdHocSigned='0', signingCertificate='<DVTSigningCertificate: 0x7fdd9cefbd70; name='Apple Distribution: Harumi Sagawa (24BSY9Z4H5)', hash='760D68A519C4D383BE3002C49BEE0C4D6B7340F7', serialNumber='3046EBA41D49D5880046B3047DD0FEC0', certificateKinds='(
    "1.2.840.113635.100.6.1.7",
    "1.2.840.113635.100.6.1.4"
), issueDate='2022-06-11 12:51:31 +0000''>', entitlements='(null)', teamID='24BSY9Z4H5', identifier='org.cocoapods.Reachability', executablePath='<DVTFilePath:0x7fdde9b48310:'/Users/h_sagawa/Library/Developer/Xcode/Archives/2022-06-18/Rubi 2022-06-18 15.17.xcarchive/Products/Applications/Rubi.app/Frameworks/Reachability.framework/Reachability'>', hardenedRuntime='0'>'> are: {
}
2022-06-18 06:21:27 +0000  Writing entitlements for <IDEDistributionItem: 0x7fddecb5fea0; bundleID='org.cocoapods.Reachability', path='<DVTFilePath:0x7fddde4d12e0:'/Users/h_sagawa/Library/Developer/Xcode/Archives/2022-06-18/Rubi 2022-06-18 15.17.xcarchive/Products/Applications/Rubi.app/Frameworks/Reachability.framework'>', codeSigningInfo='<_DVTCodeSigningInformation_Path: 0x7fddecc5c7c0; isSigned='1', isAdHocSigned='0', signingCertificate='<DVTSigningCertificate: 0x7fdd9e53b1b0; name='Apple Distribution: Harumi Sagawa (24BSY9Z4H5)', hash='760D68A519C4D383BE3002C49BEE0C4D6B7340F7', serialNumber='3046EBA41D49D5880046B3047DD0FEC0', certificateKinds='(
    "1.2.840.113635.100.6.1.7",
    "1.2.840.113635.100.6.1.4"
), issueDate='2022-06-11 12:51:31 +0000''>', entitlements='(null)', teamID='24BSY9Z4H5', identifier='org.cocoapods.Reachability', executablePath='<DVTFilePath:0x7fdde9b48310:'/Users/h_sagawa/Library/Developer/Xcode/Archives/2022-06-18/Rubi 2022-06-18 15.17.xcarchive/Products/Applications/Rubi.app/Frameworks/Reachability.framework/Reachability'>', hardenedRuntime='0'>'> to: /var/folders/h9/lsfwvrj92573r2frdwtxcq_w16g5vl/T/XcodeDistPipeline.~~~EMIwqR/entitlements~~~2NqeB1
2022-06-18 06:21:27 +0000  Running /usr/bin/codesign '-vvv' '--force' '--sign' '760D68A519C4D383BE3002C49BEE0C4D6B7340F7' '--entitlements' '/var/folders/h9/lsfwvrj92573r2frdwtxcq_w16g5vl/T/XcodeDistPipeline.~~~EMIwqR/entitlements~~~2NqeB1' '--generate-entitlement-der' '--preserve-metadata=identifier,flags,runtime' '/var/folders/h9/lsfwvrj92573r2frdwtxcq_w16g5vl/T/XcodeDistPipeline.~~~EMIwqR/Root/Payload/Rubi.app/Frameworks/Reachability.framework'
2022-06-18 06:21:27 +0000  /var/folders/h9/lsfwvrj92573r2frdwtxcq_w16g5vl/T/XcodeDistPipeline.~~~EMIwqR/Root/Payload/Rubi.app/Frameworks/Reachability.framework: replacing existing signature
2022-06-18 06:21:27 +0000  /var/folders/h9/lsfwvrj92573r2frdwtxcq_w16g5vl/T/XcodeDistPipeline.~~~EMIwqR/Root/Payload/Rubi.app/Frameworks/Reachability.framework: signed bundle with Mach-O universal (arm64) [org.cocoapods.Reachability]
2022-06-18 06:21:27 +0000  /usr/bin/codesign exited with 0
2022-06-18 06:21:27 +0000  Entitlements for <IDEDistributionItem: 0x7fde0da67940; bundleID='org.cocoapods.Sketch', path='<DVTFilePath:0x7fddde420640:'/Users/h_sagawa/Library/Developer/Xcode/Archives/2022-06-18/Rubi 2022-06-18 15.17.xcarchive/Products/Applications/Rubi.app/Frameworks/Sketch.framework'>', codeSigningInfo='<_DVTCodeSigningInformation_Path: 0x7fddecb41270; isSigned='1', isAdHocSigned='0', signingCertificate='<DVTSigningCertificate: 0x7fdded130460; name='Apple Distribution: Harumi Sagawa (24BSY9Z4H5)', hash='760D68A519C4D383BE3002C49BEE0C4D6B7340F7', serialNumber='3046EBA41D49D5880046B3047DD0FEC0', certificateKinds='(
    "1.2.840.113635.100.6.1.7",
    "1.2.840.113635.100.6.1.4"
), issueDate='2022-06-11 12:51:31 +0000''>', entitlements='(null)', teamID='24BSY9Z4H5', identifier='org.cocoapods.Sketch', executablePath='<DVTFilePath:0x7fdddc22f300:'/Users/h_sagawa/Library/Developer/Xcode/Archives/2022-06-18/Rubi 2022-06-18 15.17.xcarchive/Products/Applications/Rubi.app/Frameworks/Sketch.framework/Sketch'>', hardenedRuntime='0'>'>: {
}
2022-06-18 06:21:27 +0000  Entitlements for <IDEDistributionItem: 0x7fde0da67940; bundleID='org.cocoapods.Sketch', path='<DVTFilePath:0x7fddde420640:'/Users/h_sagawa/Library/Developer/Xcode/Archives/2022-06-18/Rubi 2022-06-18 15.17.xcarchive/Products/Applications/Rubi.app/Frameworks/Sketch.framework'>', codeSigningInfo='<_DVTCodeSigningInformation_Path: 0x7fddecb41270; isSigned='1', isAdHocSigned='0', signingCertificate='<DVTSigningCertificate: 0x7fddecc6db50; name='Apple Distribution: Harumi Sagawa (24BSY9Z4H5)', hash='760D68A519C4D383BE3002C49BEE0C4D6B7340F7', serialNumber='3046EBA41D49D5880046B3047DD0FEC0', certificateKinds='(
    "1.2.840.113635.100.6.1.7",
    "1.2.840.113635.100.6.1.4"
), issueDate='2022-06-11 12:51:31 +0000''>', entitlements='(null)', teamID='24BSY9Z4H5', identifier='org.cocoapods.Sketch', executablePath='<DVTFilePath:0x7fdddc22f300:'/Users/h_sagawa/Library/Developer/Xcode/Archives/2022-06-18/Rubi 2022-06-18 15.17.xcarchive/Products/Applications/Rubi.app/Frameworks/Sketch.framework/Sketch'>', hardenedRuntime='0'>'> are: {
}
2022-06-18 06:21:27 +0000  Writing entitlements for <IDEDistributionItem: 0x7fde0da67940; bundleID='org.cocoapods.Sketch', path='<DVTFilePath:0x7fddde420640:'/Users/h_sagawa/Library/Developer/Xcode/Archives/2022-06-18/Rubi 2022-06-18 15.17.xcarchive/Products/Applications/Rubi.app/Frameworks/Sketch.framework'>', codeSigningInfo='<_DVTCodeSigningInformation_Path: 0x7fddecb41270; isSigned='1', isAdHocSigned='0', signingCertificate='<DVTSigningCertificate: 0x7fdded075d90; name='Apple Distribution: Harumi Sagawa (24BSY9Z4H5)', hash='760D68A519C4D383BE3002C49BEE0C4D6B7340F7', serialNumber='3046EBA41D49D5880046B3047DD0FEC0', certificateKinds='(
    "1.2.840.113635.100.6.1.7",
    "1.2.840.113635.100.6.1.4"
), issueDate='2022-06-11 12:51:31 +0000''>', entitlements='(null)', teamID='24BSY9Z4H5', identifier='org.cocoapods.Sketch', executablePath='<DVTFilePath:0x7fdddc22f300:'/Users/h_sagawa/Library/Developer/Xcode/Archives/2022-06-18/Rubi 2022-06-18 15.17.xcarchive/Products/Applications/Rubi.app/Frameworks/Sketch.framework/Sketch'>', hardenedRuntime='0'>'> to: /var/folders/h9/lsfwvrj92573r2frdwtxcq_w16g5vl/T/XcodeDistPipeline.~~~EMIwqR/entitlements~~~PI4B7F
2022-06-18 06:21:27 +0000  Running /usr/bin/codesign '-vvv' '--force' '--sign' '760D68A519C4D383BE3002C49BEE0C4D6B7340F7' '--entitlements' '/var/folders/h9/lsfwvrj92573r2frdwtxcq_w16g5vl/T/XcodeDistPipeline.~~~EMIwqR/entitlements~~~PI4B7F' '--generate-entitlement-der' '--preserve-metadata=identifier,flags,runtime' '/var/folders/h9/lsfwvrj92573r2frdwtxcq_w16g5vl/T/XcodeDistPipeline.~~~EMIwqR/Root/Payload/Rubi.app/Frameworks/Sketch.framework'
2022-06-18 06:21:28 +0000  /var/folders/h9/lsfwvrj92573r2frdwtxcq_w16g5vl/T/XcodeDistPipeline.~~~EMIwqR/Root/Payload/Rubi.app/Frameworks/Sketch.framework: replacing existing signature
2022-06-18 06:21:28 +0000  /var/folders/h9/lsfwvrj92573r2frdwtxcq_w16g5vl/T/XcodeDistPipeline.~~~EMIwqR/Root/Payload/Rubi.app/Frameworks/Sketch.framework: signed bundle with Mach-O universal (arm64) [org.cocoapods.Sketch]
2022-06-18 06:21:28 +0000  /usr/bin/codesign exited with 0
2022-06-18 06:21:28 +0000  Entitlements for <IDEDistributionItem: 0x7fddecc57980; bundleID='org.cocoapods.SwiftyTesseract', path='<DVTFilePath:0x7fddde4aa300:'/Users/h_sagawa/Library/Developer/Xcode/Archives/2022-06-18/Rubi 2022-06-18 15.17.xcarchive/Products/Applications/Rubi.app/Frameworks/SwiftyTesseract.framework'>', codeSigningInfo='<_DVTCodeSigningInformation_Path: 0x7fdd9e635720; isSigned='1', isAdHocSigned='0', signingCertificate='<DVTSigningCertificate: 0x7fdde867bbd0; name='Apple Distribution: Harumi Sagawa (24BSY9Z4H5)', hash='760D68A519C4D383BE3002C49BEE0C4D6B7340F7', serialNumber='3046EBA41D49D5880046B3047DD0FEC0', certificateKinds='(
    "1.2.840.113635.100.6.1.7",
    "1.2.840.113635.100.6.1.4"
), issueDate='2022-06-11 12:51:31 +0000''>', entitlements='(null)', teamID='24BSY9Z4H5', identifier='org.cocoapods.SwiftyTesseract', executablePath='<DVTFilePath:0x7fdde9b72710:'/Users/h_sagawa/Library/Developer/Xcode/Archives/2022-06-18/Rubi 2022-06-18 15.17.xcarchive/Products/Applications/Rubi.app/Frameworks/SwiftyTesseract.framework/SwiftyTesseract'>', hardenedRuntime='0'>'>: {
}
2022-06-18 06:21:28 +0000  Entitlements for <IDEDistributionItem: 0x7fddecc57980; bundleID='org.cocoapods.SwiftyTesseract', path='<DVTFilePath:0x7fddde4aa300:'/Users/h_sagawa/Library/Developer/Xcode/Archives/2022-06-18/Rubi 2022-06-18 15.17.xcarchive/Products/Applications/Rubi.app/Frameworks/SwiftyTesseract.framework'>', codeSigningInfo='<_DVTCodeSigningInformation_Path: 0x7fdd9e635720; isSigned='1', isAdHocSigned='0', signingCertificate='<DVTSigningCertificate: 0x7fdded0e2540; name='Apple Distribution: Harumi Sagawa (24BSY9Z4H5)', hash='760D68A519C4D383BE3002C49BEE0C4D6B7340F7', serialNumber='3046EBA41D49D5880046B3047DD0FEC0', certificateKinds='(
    "1.2.840.113635.100.6.1.7",
    "1.2.840.113635.100.6.1.4"
), issueDate='2022-06-11 12:51:31 +0000''>', entitlements='(null)', teamID='24BSY9Z4H5', identifier='org.cocoapods.SwiftyTesseract', executablePath='<DVTFilePath:0x7fdde9b72710:'/Users/h_sagawa/Library/Developer/Xcode/Archives/2022-06-18/Rubi 2022-06-18 15.17.xcarchive/Products/Applications/Rubi.app/Frameworks/SwiftyTesseract.framework/SwiftyTesseract'>', hardenedRuntime='0'>'> are: {
}
2022-06-18 06:21:28 +0000  Writing entitlements for <IDEDistributionItem: 0x7fddecc57980; bundleID='org.cocoapods.SwiftyTesseract', path='<DVTFilePath:0x7fddde4aa300:'/Users/h_sagawa/Library/Developer/Xcode/Archives/2022-06-18/Rubi 2022-06-18 15.17.xcarchive/Products/Applications/Rubi.app/Frameworks/SwiftyTesseract.framework'>', codeSigningInfo='<_DVTCodeSigningInformation_Path: 0x7fdd9e635720; isSigned='1', isAdHocSigned='0', signingCertificate='<DVTSigningCertificate: 0x7fddecc1bb80; name='Apple Distribution: Harumi Sagawa (24BSY9Z4H5)', hash='760D68A519C4D383BE3002C49BEE0C4D6B7340F7', serialNumber='3046EBA41D49D5880046B3047DD0FEC0', certificateKinds='(
    "1.2.840.113635.100.6.1.7",
    "1.2.840.113635.100.6.1.4"
), issueDate='2022-06-11 12:51:31 +0000''>', entitlements='(null)', teamID='24BSY9Z4H5', identifier='org.cocoapods.SwiftyTesseract', executablePath='<DVTFilePath:0x7fdde9b72710:'/Users/h_sagawa/Library/Developer/Xcode/Archives/2022-06-18/Rubi 2022-06-18 15.17.xcarchive/Products/Applications/Rubi.app/Frameworks/SwiftyTesseract.framework/SwiftyTesseract'>', hardenedRuntime='0'>'> to: /var/folders/h9/lsfwvrj92573r2frdwtxcq_w16g5vl/T/XcodeDistPipeline.~~~EMIwqR/entitlements~~~zg3LJC
2022-06-18 06:21:28 +0000  Running /usr/bin/codesign '-vvv' '--force' '--sign' '760D68A519C4D383BE3002C49BEE0C4D6B7340F7' '--entitlements' '/var/folders/h9/lsfwvrj92573r2frdwtxcq_w16g5vl/T/XcodeDistPipeline.~~~EMIwqR/entitlements~~~zg3LJC' '--generate-entitlement-der' '--preserve-metadata=identifier,flags,runtime' '/var/folders/h9/lsfwvrj92573r2frdwtxcq_w16g5vl/T/XcodeDistPipeline.~~~EMIwqR/Root/Payload/Rubi.app/Frameworks/SwiftyTesseract.framework'
2022-06-18 06:21:28 +0000  /var/folders/h9/lsfwvrj92573r2frdwtxcq_w16g5vl/T/XcodeDistPipeline.~~~EMIwqR/Root/Payload/Rubi.app/Frameworks/SwiftyTesseract.framework: replacing existing signature
2022-06-18 06:21:28 +0000  /var/folders/h9/lsfwvrj92573r2frdwtxcq_w16g5vl/T/XcodeDistPipeline.~~~EMIwqR/Root/Payload/Rubi.app/Frameworks/SwiftyTesseract.framework: signed bundle with Mach-O thin (arm64) [org.cocoapods.SwiftyTesseract]
2022-06-18 06:21:28 +0000  /usr/bin/codesign exited with 0
2022-06-18 06:21:28 +0000  Entitlements for <IDEDistributionItem: 0x7fddd84be840; bundleID='harumidiv.Rubi', path='<DVTFilePath:0x7fddec07e1c0:'/Users/h_sagawa/Library/Developer/Xcode/Archives/2022-06-18/Rubi 2022-06-18 15.17.xcarchive/Products/Applications/Rubi.app'>', codeSigningInfo='<_DVTCodeSigningInformation_Path: 0x7fddda0659f0; isSigned='1', isAdHocSigned='0', signingCertificate='<DVTSigningCertificate: 0x7fddecc1bbb0; name='Apple Distribution: Harumi Sagawa (24BSY9Z4H5)', hash='760D68A519C4D383BE3002C49BEE0C4D6B7340F7', serialNumber='3046EBA41D49D5880046B3047DD0FEC0', certificateKinds='(
    "1.2.840.113635.100.6.1.7",
    "1.2.840.113635.100.6.1.4"
), issueDate='2022-06-11 12:51:31 +0000''>', entitlements='{
    "application-identifier" = "24BSY9Z4H5.harumidiv.Rubi";
    "beta-reports-active" = 1;
    "com.apple.developer.team-identifier" = 24BSY9Z4H5;
    "get-task-allow" = 0;
}', teamID='24BSY9Z4H5', identifier='harumidiv.Rubi', executablePath='<DVTFilePath:0x7fddee44e5d0:'/Users/h_sagawa/Library/Developer/Xcode/Archives/2022-06-18/Rubi 2022-06-18 15.17.xcarchive/Products/Applications/Rubi.app/Rubi'>', hardenedRuntime='0'>'>: {
    "application-identifier" = "24BSY9Z4H5.harumidiv.Rubi";
    "beta-reports-active" = 1;
    "com.apple.developer.team-identifier" = 24BSY9Z4H5;
    "get-task-allow" = 0;
}
2022-06-18 06:21:28 +0000  Entitlements for <IDEDistributionItem: 0x7fddd84be840; bundleID='harumidiv.Rubi', path='<DVTFilePath:0x7fddec07e1c0:'/Users/h_sagawa/Library/Developer/Xcode/Archives/2022-06-18/Rubi 2022-06-18 15.17.xcarchive/Products/Applications/Rubi.app'>', codeSigningInfo='<_DVTCodeSigningInformation_Path: 0x7fddda0659f0; isSigned='1', isAdHocSigned='0', signingCertificate='<DVTSigningCertificate: 0x7fddecc7f250; name='Apple Distribution: Harumi Sagawa (24BSY9Z4H5)', hash='760D68A519C4D383BE3002C49BEE0C4D6B7340F7', serialNumber='3046EBA41D49D5880046B3047DD0FEC0', certificateKinds='(
    "1.2.840.113635.100.6.1.7",
    "1.2.840.113635.100.6.1.4"
), issueDate='2022-06-11 12:51:31 +0000''>', entitlements='{
    "application-identifier" = "24BSY9Z4H5.harumidiv.Rubi";
    "beta-reports-active" = 1;
    "com.apple.developer.team-identifier" = 24BSY9Z4H5;
    "get-task-allow" = 0;
}', teamID='24BSY9Z4H5', identifier='harumidiv.Rubi', executablePath='<DVTFilePath:0x7fddee44e5d0:'/Users/h_sagawa/Library/Developer/Xcode/Archives/2022-06-18/Rubi 2022-06-18 15.17.xcarchive/Products/Applications/Rubi.app/Rubi'>', hardenedRuntime='0'>'> are: {
    "application-identifier" = "24BSY9Z4H5.harumidiv.Rubi";
    "beta-reports-active" = 1;
    "com.apple.developer.team-identifier" = 24BSY9Z4H5;
    "get-task-allow" = 0;
}
2022-06-18 06:21:28 +0000  Writing entitlements for <IDEDistributionItem: 0x7fddd84be840; bundleID='harumidiv.Rubi', path='<DVTFilePath:0x7fddec07e1c0:'/Users/h_sagawa/Library/Developer/Xcode/Archives/2022-06-18/Rubi 2022-06-18 15.17.xcarchive/Products/Applications/Rubi.app'>', codeSigningInfo='<_DVTCodeSigningInformation_Path: 0x7fddda0659f0; isSigned='1', isAdHocSigned='0', signingCertificate='<DVTSigningCertificate: 0x7fdded0dd820; name='Apple Distribution: Harumi Sagawa (24BSY9Z4H5)', hash='760D68A519C4D383BE3002C49BEE0C4D6B7340F7', serialNumber='3046EBA41D49D5880046B3047DD0FEC0', certificateKinds='(
    "1.2.840.113635.100.6.1.7",
    "1.2.840.113635.100.6.1.4"
), issueDate='2022-06-11 12:51:31 +0000''>', entitlements='{
    "application-identifier" = "24BSY9Z4H5.harumidiv.Rubi";
    "beta-reports-active" = 1;
    "com.apple.developer.team-identifier" = 24BSY9Z4H5;
    "get-task-allow" = 0;
}', teamID='24BSY9Z4H5', identifier='harumidiv.Rubi', executablePath='<DVTFilePath:0x7fddee44e5d0:'/Users/h_sagawa/Library/Developer/Xcode/Archives/2022-06-18/Rubi 2022-06-18 15.17.xcarchive/Products/Applications/Rubi.app/Rubi'>', hardenedRuntime='0'>'> to: /var/folders/h9/lsfwvrj92573r2frdwtxcq_w16g5vl/T/XcodeDistPipeline.~~~EMIwqR/entitlements~~~c22Y3Q
2022-06-18 06:21:28 +0000  Running /usr/bin/codesign '-vvv' '--force' '--sign' '760D68A519C4D383BE3002C49BEE0C4D6B7340F7' '--entitlements' '/var/folders/h9/lsfwvrj92573r2frdwtxcq_w16g5vl/T/XcodeDistPipeline.~~~EMIwqR/entitlements~~~c22Y3Q' '--generate-entitlement-der' '--preserve-metadata=identifier,flags,runtime' '/var/folders/h9/lsfwvrj92573r2frdwtxcq_w16g5vl/T/XcodeDistPipeline.~~~EMIwqR/Root/Payload/Rubi.app'
2022-06-18 06:21:28 +0000  /var/folders/h9/lsfwvrj92573r2frdwtxcq_w16g5vl/T/XcodeDistPipeline.~~~EMIwqR/Root/Payload/Rubi.app: replacing existing signature
2022-06-18 06:21:28 +0000  /var/folders/h9/lsfwvrj92573r2frdwtxcq_w16g5vl/T/XcodeDistPipeline.~~~EMIwqR/Root/Payload/Rubi.app: signed app bundle with Mach-O thin (arm64) [harumidiv.Rubi]
2022-06-18 06:21:28 +0000  /usr/bin/codesign exited with 0
2022-06-18 06:21:28 +0000  Processing step: IDEDistributionZipODRItemStep
2022-06-18 06:21:28 +0000  Skipping step: IDEDistributionZipODRItemStep because it said so
2022-06-18 06:21:28 +0000  Skipping step: IDEDistributionZipODRItemStep because it said so
2022-06-18 06:21:28 +0000  Skipping step: IDEDistributionZipODRItemStep because it said so
2022-06-18 06:21:28 +0000  Skipping step: IDEDistributionZipODRItemStep because it said so
2022-06-18 06:21:28 +0000  Skipping step: IDEDistributionZipODRItemStep because it said so
2022-06-18 06:21:28 +0000  Processing step: IDEDistributionCreateIPAStep
2022-06-18 06:21:28 +0000  Running /usr/bin/ditto '-V' '-c' '-k' '--norsrc' '/var/folders/h9/lsfwvrj92573r2frdwtxcq_w16g5vl/T/XcodeDistPipeline.~~~EMIwqR/Root' '/var/folders/h9/lsfwvrj92573r2frdwtxcq_w16g5vl/T/XcodeDistPipeline.~~~EMIwqR/Packages/Rubi.ipa'
2022-06-18 06:21:28 +0000  >>> Copying /var/folders/h9/lsfwvrj92573r2frdwtxcq_w16g5vl/T/XcodeDistPipeline.~~~EMIwqR/Root 
2022-06-18 06:21:28 +0000  copying file ./BCSymbolMaps/38ECFA1E-A842-35F9-BD4F-0A84FDA914FD.bcsymbolmap ... 
2022-06-18 06:21:28 +0000  201057 bytes for ./BCSymbolMaps/38ECFA1E-A842-35F9-BD4F-0A84FDA914FD.bcsymbolmap
copying file ./BCSymbolMaps/97AC64FB-94EA-37A5-BD4C-8BE087E3333B.bcsymbolmap ... 
2022-06-18 06:21:28 +0000  70277 bytes for ./BCSymbolMaps/97AC64FB-94EA-37A5-BD4C-8BE087E3333B.bcsymbolmap
copying file ./BCSymbolMaps/1BA15EF4-4EF4-3E2D-9A6E-01A9E3C94076.bcsymbolmap ... 
2022-06-18 06:21:28 +0000  603118 bytes for ./BCSymbolMaps/1BA15EF4-4EF4-3E2D-9A6E-01A9E3C94076.bcsymbolmap
copying file ./BCSymbolMaps/A58237AE-6DA5-3BC4-874B-A7EB274A2CEB.bcsymbolmap ... 
2022-06-18 06:21:28 +0000  77196 bytes for ./BCSymbolMaps/A58237AE-6DA5-3BC4-874B-A7EB274A2CEB.bcsymbolmap
copying file ./BCSymbolMaps/A7A53085-BB9D-34DB-99E5-5E8FF01ADF61.bcsymbolmap ... 
2022-06-18 06:21:28 +0000  759338 bytes for ./BCSymbolMaps/A7A53085-BB9D-34DB-99E5-5E8FF01ADF61.bcsymbolmap
2022-06-18 06:21:28 +0000  copying file ./Payload/Rubi.app/_CodeSignature/CodeResources ... 
2022-06-18 06:21:28 +0000  10283 bytes for ./Payload/Rubi.app/_CodeSignature/CodeResources
copying file ./Payload/Rubi.app/tessdata/jpn.traineddata ... 
2022-06-18 06:21:28 +0000  2471260 bytes for ./Payload/Rubi.app/tessdata/jpn.traineddata
copying file ./Payload/Rubi.app/ImageRecognitionViewController.nib ... 
2022-06-18 06:21:28 +0000  7721 bytes for ./Payload/Rubi.app/ImageRecognitionViewController.nib
copying file ./Payload/Rubi.app/loading.json ... 
2022-06-18 06:21:28 +0000  6071 bytes for ./Payload/Rubi.app/loading.json
copying file ./Payload/Rubi.app/AppIcon60x60@2x.png ... 
2022-06-18 06:21:28 +0000  3178 bytes for ./Payload/Rubi.app/AppIcon60x60@2x.png
copying file ./Payload/Rubi.app/Rubi ... 
2022-06-18 06:21:28 +0000  11262416 bytes for ./Payload/Rubi.app/Rubi
2022-06-18 06:21:28 +0000  copying file ./Payload/Rubi.app/GoogleService-Info.plist ... 
647 bytes for ./Payload/Rubi.app/GoogleService-Info.plist
copying file ./Payload/Rubi.app/RubiViewController.nib ... 
2022-06-18 06:21:28 +0000  12355 bytes for ./Payload/Rubi.app/RubiViewController.nib
2022-06-18 06:21:28 +0000  copying file ./Payload/Rubi.app/Base.lproj/Main.storyboardc/UIViewController-BYZ-38-t0r.nib ... 
927 bytes for ./Payload/Rubi.app/Base.lproj/Main.storyboardc/UIViewController-BYZ-38-t0r.nib
copying file ./Payload/Rubi.app/Base.lproj/Main.storyboardc/BYZ-38-t0r-view-8bC-Xf-vdC.nib ... 
2022-06-18 06:21:28 +0000  1173 bytes for ./Payload/Rubi.app/Base.lproj/Main.storyboardc/BYZ-38-t0r-view-8bC-Xf-vdC.nib
copying file ./Payload/Rubi.app/Base.lproj/Main.storyboardc/Info.plist ... 
258 bytes for ./Payload/Rubi.app/Base.lproj/Main.storyboardc/Info.plist
2022-06-18 06:21:28 +0000  copying file ./Payload/Rubi.app/Base.lproj/LaunchScreen.storyboardc/01J-lp-oVM-view-Ze5-6b-2t3.nib ... 
2965 bytes for ./Payload/Rubi.app/Base.lproj/LaunchScreen.storyboardc/01J-lp-oVM-view-Ze5-6b-2t3.nib
2022-06-18 06:21:28 +0000  copying file ./Payload/Rubi.app/Base.lproj/LaunchScreen.storyboardc/UIViewController-01J-lp-oVM.nib ... 
896 bytes for ./Payload/Rubi.app/Base.lproj/LaunchScreen.storyboardc/UIViewController-01J-lp-oVM.nib
copying file ./Payload/Rubi.app/Base.lproj/LaunchScreen.storyboardc/Info.plist ... 
2022-06-18 06:21:28 +0000  258 bytes for ./Payload/Rubi.app/Base.lproj/LaunchScreen.storyboardc/Info.plist
copying file ./Payload/Rubi.app/FavoriteViewController.nib ... 
2022-06-18 06:21:28 +0000  4779 bytes for ./Payload/Rubi.app/FavoriteViewController.nib
copying file ./Payload/Rubi.app/Assets.car ... 
2022-06-18 06:21:28 +0000  369007 bytes for ./Payload/Rubi.app/Assets.car
copying file ./Payload/Rubi.app/microphone.json ... 
2022-06-18 06:21:28 +0000  7160 bytes for ./Payload/Rubi.app/microphone.json
copying file ./Payload/Rubi.app/HandritingRecognitionViewController.nib ... 
2022-06-18 06:21:28 +0000  6144 bytes for ./Payload/Rubi.app/HandritingRecognitionViewController.nib
2022-06-18 06:21:28 +0000  copying file ./Payload/Rubi.app/AppIcon76x76@2x~ipad.png ... 
3933 bytes for ./Payload/Rubi.app/AppIcon76x76@2x~ipad.png
2022-06-18 06:21:28 +0000  copying file ./Payload/Rubi.app/Frameworks/Reachability.framework/_CodeSignature/CodeResources ... 
1798 bytes for ./Payload/Rubi.app/Frameworks/Reachability.framework/_CodeSignature/CodeResources
2022-06-18 06:21:28 +0000  copying file ./Payload/Rubi.app/Frameworks/Reachability.framework/Reachability ... 
2022-06-18 06:21:28 +0000  336768 bytes for ./Payload/Rubi.app/Frameworks/Reachability.framework/Reachability
copying file ./Payload/Rubi.app/Frameworks/Reachability.framework/Info.plist ... 
2022-06-18 06:21:28 +0000  746 bytes for ./Payload/Rubi.app/Frameworks/Reachability.framework/Info.plist
2022-06-18 06:21:28 +0000  copying file ./Payload/Rubi.app/Frameworks/SwiftyTesseract.framework/_CodeSignature/CodeResources ... 
1798 bytes for ./Payload/Rubi.app/Frameworks/SwiftyTesseract.framework/_CodeSignature/CodeResources
copying file ./Payload/Rubi.app/Frameworks/SwiftyTesseract.framework/SwiftyTesseract ... 
2022-06-18 06:21:29 +0000  16028352 bytes for ./Payload/Rubi.app/Frameworks/SwiftyTesseract.framework/SwiftyTesseract
copying file ./Payload/Rubi.app/Frameworks/SwiftyTesseract.framework/Info.plist ... 
2022-06-18 06:21:29 +0000  802 bytes for ./Payload/Rubi.app/Frameworks/SwiftyTesseract.framework/Info.plist
copying file ./Payload/Rubi.app/Frameworks/Sketch.framework/_CodeSignature/CodeResources ... 
1798 bytes for ./Payload/Rubi.app/Frameworks/Sketch.framework/_CodeSignature/CodeResources
copying file ./Payload/Rubi.app/Frameworks/Sketch.framework/Sketch ... 
2022-06-18 06:21:29 +0000  441360 bytes for ./Payload/Rubi.app/Frameworks/Sketch.framework/Sketch
copying file ./Payload/Rubi.app/Frameworks/Sketch.framework/Info.plist ... 
2022-06-18 06:21:29 +0000  734 bytes for ./Payload/Rubi.app/Frameworks/Sketch.framework/Info.plist
copying file ./Payload/Rubi.app/Frameworks/Lottie.framework/_CodeSignature/CodeResources ... 
2022-06-18 06:21:29 +0000  1798 bytes for ./Payload/Rubi.app/Frameworks/Lottie.framework/_CodeSignature/CodeResources
copying file ./Payload/Rubi.app/Frameworks/Lottie.framework/Lottie ... 
2022-06-18 06:21:29 +0000  6064960 bytes for ./Payload/Rubi.app/Frameworks/Lottie.framework/Lottie
copying file ./Payload/Rubi.app/Frameworks/Lottie.framework/Info.plist ... 
2022-06-18 06:21:29 +0000  734 bytes for ./Payload/Rubi.app/Frameworks/Lottie.framework/Info.plist
copying file ./Payload/Rubi.app/embedded.mobileprovision ... 
11937 bytes for ./Payload/Rubi.app/embedded.mobileprovision
copying file ./Payload/Rubi.app/RubiTableViewCell.nib ... 
2022-06-18 06:21:29 +0000  4440 bytes for ./Payload/Rubi.app/RubiTableViewCell.nib
copying file ./Payload/Rubi.app/Info.plist ... 
1677 bytes for ./Payload/Rubi.app/Info.plist
copying file ./Payload/Rubi.app/RecordingViewController.nib ... 
2022-06-18 06:21:29 +0000  6306 bytes for ./Payload/Rubi.app/RecordingViewController.nib
copying file ./Payload/Rubi.app/PkgInfo ... 
2022-06-18 06:21:29 +0000  8 bytes for ./Payload/Rubi.app/PkgInfo
2022-06-18 06:21:29 +0000  /usr/bin/ditto exited with 0
2022-06-18 06:21:29 +0000  Processing step: IDEDistributionAppStoreInformationStep
2022-06-18 06:21:29 +0000  Skipping step: IDEDistributionAppStoreInformationStep because it said so
2022-06-18 06:21:29 +0000  Processing step: IDEDistributionGenerateProcessedDistributionItems
2022-06-18 06:21:29 +0000  IDEDistributionItem init <DVTFilePath:0x7fddfa3dcb40:'/var/folders/h9/lsfwvrj92573r2frdwtxcq_w16g5vl/T/XcodeDistPipeline.~~~EMIwqR/Root/Payload/Rubi.app/Frameworks/SwiftyTesseract.framework'>
2022-06-18 06:21:29 +0000  IDEDistributionItem init <DVTFilePath:0x7fdded0057c0:'/var/folders/h9/lsfwvrj92573r2frdwtxcq_w16g5vl/T/XcodeDistPipeline.~~~EMIwqR/Root/Payload/Rubi.app/Frameworks/Sketch.framework'>
2022-06-18 06:21:29 +0000  IDEDistributionItem init <DVTFilePath:0x7fdded098b40:'/var/folders/h9/lsfwvrj92573r2frdwtxcq_w16g5vl/T/XcodeDistPipeline.~~~EMIwqR/Root/Payload/Rubi.app/Frameworks/Reachability.framework'>
2022-06-18 06:21:29 +0000  IDEDistributionItem init <DVTFilePath:0x7fdded0211b0:'/var/folders/h9/lsfwvrj92573r2frdwtxcq_w16g5vl/T/XcodeDistPipeline.~~~EMIwqR/Root/Payload/Rubi.app/Frameworks/Lottie.framework'>
2022-06-18 06:21:29 +0000  IDEDistributionItem init <DVTFilePath:0x7fddeb5ae200:'/var/folders/h9/lsfwvrj92573r2frdwtxcq_w16g5vl/T/XcodeDistPipeline.~~~EMIwqR/Root/Payload/Rubi.app'>
2022-06-18 06:21:29 +0000  Processing step: IDEDistributionCreateManifestStep
2022-06-18 06:21:29 +0000  Skipping step: IDEDistributionCreateManifestStep because it said so
